build/app/outputs/mapping/release/usage.txt
org.intellij.lang.annotations.Identifier
kotlin.internal.jdk7.JDK7PlatformImplementations
androidx.core.app.NotificationCompat$CarExtender$UnreadConversation
kotlin.ranges.ULongProgression
androidx.customview.R$id
kotlin.reflect.KProperty$DefaultImpls
androidx.core.view.ViewCompat$FocusRelativeDirection
kotlin.collections.RingBuffer$iterator$1
androidx.core.app.FrameMetricsAggregator
kotlin.collections.ArraysKt___ArraysKt$withIndex$1
io.flutter.embedding.engine.FlutterEngineConnectionRegistry$FlutterEngineContentProviderPluginBinding
kotlin.coroutines.experimental.CoroutinesKt
androidx.fragment.R$drawable
androidx.core.graphics.PaintCompat
kotlin.jvm.functions.Function13
kotlin.jvm.internal.CharCompanionObject
kotlin.text.DelimitedRangesSequence
io.flutter.embedding.engine.systemchannels.RestorationChannel:
    private static final java.lang.String TAG
androidx.viewpager.R$layout
io.flutter.embedding.engine.plugins.broadcastreceiver.BroadcastReceiverAware:
    public abstract void onAttachedToBroadcastReceiver(io.flutter.embedding.engine.plugins.broadcastreceiver.BroadcastReceiverPluginBinding)
kotlin.collections.ArraysKt___ArraysKt$asSequence$$inlined$Sequence$7
kotlin.sequences.SequencesKt___SequencesKt$distinct$1
kotlin.Result$Companion
kotlin.text.CharsKt__CharJVMKt
androidx.fragment.app.FragmentManagerImpl$4
kotlin.internal.PlatformImplementations
kotlin.text.Charsets
kotlin.coroutines.ContinuationInterceptor
kotlin.jvm.internal.BooleanSpreadBuilder
kotlin.jvm.Throws
kotlin.system.ProcessKt
kotlin.jvm.internal.PropertyReference
androidx.versionedparcelable.VersionedParcel$1
kotlin.io.FilesKt__UtilsKt$copyRecursively$1
androidx.fragment.app.FragmentFactory
androidx.customview.widget.ExploreByTouchHelper$2
kotlin.jvm.internal.DoubleSpreadBuilder
kotlin.jvm.internal.MutablePropertyReference
kotlin.reflect.KProperty2$Getter
androidx.viewpager.R$string
androidx.core.app.ActivityOptionsCompat$ActivityOptionsCompatImpl
kotlin.math.Constants
org.intellij.lang.annotations.Language
androidx.core.app.ActivityRecreator
kotlin.internal.PlatformDependent
kotlin.jvm.internal.ArrayDoubleIterator
kotlin.ranges.RangesKt
androidx.versionedparcelable.NonParcelField
kotlin.random.FallbackThreadLocalRandom$implStorage$1
androidx.fragment.app.FragmentPagerAdapter
androidx.core.view.GravityCompat
androidx.annotation.IntegerRes
kotlin.ranges.LongProgression$Companion
kotlin.reflect.KMutableProperty$Setter
kotlin.sequences.SequencesKt___SequencesKt$zip$1
androidx.annotation.InspectableProperty$ValueType
kotlin.coroutines.intrinsics.IntrinsicsKt__IntrinsicsJvmKt$createCoroutineUnintercepted$$inlined$createCoroutineFromSuspendFunction$IntrinsicsKt__IntrinsicsJvmKt$3
androidx.arch.core.executor.DefaultTaskExecutor
androidx.core.R
kotlin.jvm.functions.Function1
kotlin.reflect.KClass$DefaultImpls
androidx.core.view.accessibility.AccessibilityNodeInfoCompat$CollectionItemInfoCompat
kotlin.coroutines.experimental.CoroutineContext$Element$DefaultImpls
kotlin.random.Random$Companion
kotlin.jvm.internal.FloatCompanionObject
kotlin.properties.ReadOnlyProperty
androidx.core.view.ViewPropertyAnimatorListenerAdapter
io.flutter.plugin.common.StandardMessageCodec:
    private static final java.lang.String TAG
    private static final byte NULL
    private static final byte TRUE
    private static final byte FALSE
    private static final byte INT
    private static final byte LONG
    private static final byte BIGINT
    private static final byte DOUBLE
    private static final byte STRING
    private static final byte BYTE_ARRAY
    private static final byte INT_ARRAY
    private static final byte LONG_ARRAY
    private static final byte DOUBLE_ARRAY
    private static final byte LIST
    private static final byte MAP
kotlin.jvm.internal.ClassBasedDeclarationContainer
kotlin.experimental.ExperimentalTypeInference
kotlin.ranges.ComparableRange
kotlin.collections.UShortIterator
androidx.core.app.NotificationManagerCompat$NotifyTask